[    0.000000] Initializing cgroup subsys cpuset
[    0.000000] Initializing cgroup subsys cpu
[    0.000000] Initializing cgroup subsys cpuacct
[    0.000000] Linux version 4.4.0-96-generic (buildd@lgw01-10) (gcc version 5.4.0 20160609 (Ubuntu 5.4.0-6ubuntu1~16.04.4) ) #119-Ubuntu SMP Tue Sep 12 14:59:54 UTC 2017 (Ubuntu 4.4.0-96.119-generic 4.4.83)
[    0.000000] Command line: BOOT_IMAGE=/boot/vmlinuz-4.4.0-96-generic root=LABEL=cloudimg-rootfs ro console=tty1 console=ttyS0
[    0.000000] KERNEL supported cpus:
[    0.000000]   Intel GenuineIntel
[    0.000000]   AMD AuthenticAMD
[    0.000000]   Centaur CentaurHauls
[    0.000000] x86/fpu: xstate_offset[2]:  576, xstate_sizes[2]:  256
[    0.000000] x86/fpu: Supporting XSAVE feature 0x01: 'x87 floating point registers'
[    0.000000] x86/fpu: Supporting XSAVE feature 0x02: 'SSE registers'
[    0.000000] x86/fpu: Supporting XSAVE feature 0x04: 'AVX registers'
[    0.000000] x86/fpu: Enabled xstate features 0x7, context size is 832 bytes, using 'standard' format.
[    0.000000] x86/fpu: Using 'lazy' FPU context switches.
[    0.000000] e820: BIOS-provided physical RAM map:
[    0.000000] BIOS-e820: [mem 0x0000000000000000-0x000000000009fbff] usable
[    0.000000] BIOS-e820: [mem 0x000000000009fc00-0x000000000009ffff] reserved
[    0.000000] BIOS-e820: [mem 0x00000000000f0000-0x00000000000fffff] reserved
[    0.000000] BIOS-e820: [mem 0x0000000000100000-0x000000003ffeffff] usable
[    0.000000] BIOS-e820: [mem 0x000000003fff0000-0x000000003fffffff] ACPI data
[    0.000000] BIOS-e820: [mem 0x00000000fec00000-0x00000000fec00fff] reserved
[    0.000000] BIOS-e820: [mem 0x00000000fee00000-0x00000000fee00fff] reserved
[    0.000000] BIOS-e820: [mem 0x00000000fffc0000-0x00000000ffffffff] reserved
[    0.000000] NX (Execute Disable) protection: active
[    0.000000] SMBIOS 2.5 present.
[    0.000000] Hypervisor detected: KVM
[    0.000000] e820: last_pfn = 0x3fff0 max_arch_pfn = 0x400000000
[    0.000000] MTRR: Disabled
[    0.000000] x86/PAT: MTRRs disabled, skipping PAT initialization too.
[    0.000000] CPU MTRRs all blank - virtualized system.
[    0.000000] x86/PAT: Configuration [0-7]: WB  WT  UC- UC  WB  WT  UC- UC  
[    0.000000] found SMP MP-table at [mem 0x0009fff0-0x0009ffff] mapped at [ffff88000009fff0]
[    0.000000] Scanning 1 areas for low memory corruption
[    0.000000] RAMDISK: [mem 0x36abe000-0x37556fff]
[    0.000000] ACPI: Early table checksum verification disabled
[    0.000000] ACPI: RSDP 0x00000000000E0000 000024 (v02 VBOX  )
[    0.000000] ACPI: XSDT 0x000000003FFF0030 00003C (v01 VBOX   VBOXXSDT 00000001 ASL  00000061)
[    0.000000] ACPI: FACP 0x000000003FFF00F0 0000F4 (v04 VBOX   VBOXFACP 00000001 ASL  00000061)
[    0.000000] ACPI: DSDT 0x000000003FFF0470 00210F (v01 VBOX   VBOXBIOS 00000002 INTL 20100528)
[    0.000000] ACPI: FACS 0x000000003FFF0200 000040
[    0.000000] ACPI: FACS 0x000000003FFF0200 000040
[    0.000000] ACPI: APIC 0x000000003FFF0240 00005C (v02 VBOX   VBOXAPIC 00000001 ASL  00000061)
[    0.000000] ACPI: SSDT 0x000000003FFF02A0 0001CC (v01 VBOX   VBOXCPUT 00000002 INTL 20100528)
[    0.000000] No NUMA configuration found
[    0.000000] Faking a node at [mem 0x0000000000000000-0x000000003ffeffff]
[    0.000000] NODE_DATA(0) allocated [mem 0x3ffeb000-0x3ffeffff]
[    0.000000] kvm-clock: Using msrs 4b564d01 and 4b564d00
[    0.000000] kvm-clock: cpu 0, msr 0:3ffe3001, primary cpu clock
[    0.000000] kvm-clock: using sched offset of 3073751499 cycles
[    0.000000] clocksource: kvm-clock: mask: 0xffffffffffffffff max_cycles: 0x1cd42e4dffb, max_idle_ns: 881590591483 ns
[    0.000000] Zone ranges:
[    0.000000]   DMA      [mem 0x0000000000001000-0x0000000000ffffff]
[    0.000000]   DMA32    [mem 0x0000000001000000-0x000000003ffeffff]
[    0.000000]   Normal   empty
[    0.000000]   Device   empty
[    0.000000] Movable zone start for each node
[    0.000000] Early memory node ranges
[    0.000000]   node   0: [mem 0x0000000000001000-0x000000000009efff]
[    0.000000]   node   0: [mem 0x0000000000100000-0x000000003ffeffff]
[    0.000000] Initmem setup node 0 [mem 0x0000000000001000-0x000000003ffeffff]
[    0.000000] ACPI: PM-Timer IO Port: 0x4008
[    0.000000] IOAPIC[0]: apic_id 2, version 32, address 0xfec00000, GSI 0-23
[    0.000000] ACPI: INT_SRC_OVR (bus 0 bus_irq 0 global_irq 2 dfl dfl)
[    0.000000] ACPI: INT_SRC_OVR (bus 0 bus_irq 9 global_irq 9 high level)
[    0.000000] Using ACPI (MADT) for SMP configuration information
[    0.000000] smpboot: Allowing 2 CPUs, 0 hotplug CPUs
[    0.000000] PM: Registered nosave memory: [mem 0x00000000-0x00000fff]
[    0.000000] PM: Registered nosave memory: [mem 0x0009f000-0x0009ffff]
[    0.000000] PM: Registered nosave memory: [mem 0x000a0000-0x000effff]
[    0.000000] PM: Registered nosave memory: [mem 0x000f0000-0x000fffff]
[    0.000000] e820: [mem 0x40000000-0xfebfffff] available for PCI devices
[    0.000000] Booting paravirtualized kernel on KVM
[    0.000000] clocksource: refined-jiffies: mask: 0xffffffff max_cycles: 0xffffffff, max_idle_ns: 7645519600211568 ns
[    0.000000] setup_percpu: NR_CPUS:512 nr_cpumask_bits:512 nr_cpu_ids:2 nr_node_ids:1
[    0.000000] PERCPU: Embedded 34 pages/cpu @ffff88003fc00000 s98328 r8192 d32744 u1048576
[    0.000000] PV qspinlock hash table entries: 256 (order: 0, 4096 bytes)
[    0.000000] Built 1 zonelists in Node order, mobility grouping on.  Total pages: 257913
[    0.000000] Policy zone: DMA32
[    0.000000] Kernel command line: BOOT_IMAGE=/boot/vmlinuz-4.4.0-96-generic root=LABEL=cloudimg-rootfs ro console=tty1 console=ttyS0
[    0.000000] PID hash table entries: 4096 (order: 3, 32768 bytes)
[    0.000000] Memory: 1001712K/1048120K available (8479K kernel code, 1294K rwdata, 3984K rodata, 1492K init, 1316K bss, 46408K reserved, 0K cma-reserved)
[    0.000000] SLUB: HWalign=64, Order=0-3, MinObjects=0, CPUs=2, Nodes=1
[    0.000000] Hierarchical RCU implementation.
[    0.000000] 	Build-time adjustment of leaf fanout to 64.
[    0.000000] 	RCU restricting CPUs from NR_CPUS=512 to nr_cpu_ids=2.
[    0.000000] RCU: Adjusting geometry for rcu_fanout_leaf=64, nr_cpu_ids=2
[    0.000000] NR_IRQS:33024 nr_irqs:440 16
[    0.000000] Console: colour VGA+ 80x25
[    0.000000] console [tty1] enabled
[    0.000000] console [ttyS0] enabled
[    0.000000] tsc: Detected 2294.688 MHz processor
[   13.549913] Calibrating delay loop (skipped) preset value.. 4589.37 BogoMIPS (lpj=9178752)
[   13.686507] pid_max: default: 32768 minimum: 301
[   13.807941] ACPI: Core revision 20150930
[   13.903388] ACPI: 2 ACPI AML tables successfully acquired and loaded
[   14.065725] Security Framework initialized
[   14.146824] Yama: becoming mindful.
[   14.242090] AppArmor: AppArmor initialized
[   14.362093] Dentry cache hash table entries: 131072 (order: 8, 1048576 bytes)
[   14.562790] Inode-cache hash table entries: 65536 (order: 7, 524288 bytes)
[   14.681463] Mount-cache hash table entries: 2048 (order: 2, 16384 bytes)
[   14.810454] Mountpoint-cache hash table entries: 2048 (order: 2, 16384 bytes)
[   14.995757] Initializing cgroup subsys io
[   15.104162] Initializing cgroup subsys memory
[   15.198915] Initializing cgroup subsys devices
[   15.326064] Initializing cgroup subsys freezer
[   15.448983] Initializing cgroup subsys net_cls
[   15.550278] Initializing cgroup subsys perf_event
[   15.651272] Initializing cgroup subsys net_prio
[   15.740547] Initializing cgroup subsys hugetlb
[   15.781116] Initializing cgroup subsys pids
[   15.851070] CPU: Physical Processor ID: 0
[   15.945895] CPU: Processor Core ID: 0
[   16.031569] mce: CPU supports 0 MCE banks
[   16.110674] Last level iTLB entries: 4KB 1024, 2MB 1024, 4MB 1024
[   16.251043] Last level dTLB entries: 4KB 1024, 2MB 1024, 4MB 1024, 1GB 4
[   16.425999] Freeing SMP alternatives memory: 32K
[   16.541831] ftrace: allocating 32146 entries in 126 pages
[   16.685751] smpboot: APIC(0) Converting physical 0 to logical package 0
[   16.824641] smpboot: Max logical packages: 1
[   16.874514] x2apic enabled
[   16.902786] Switched APIC routing to physical x2apic.
[   17.024283] ..TIMER: vector=0x30 apic1=0 pin1=2 apic2=-1 pin2=-1
[   17.270146] smpboot: CPU0: Intel(R) Core(TM) i7-4850HQ CPU @ 2.30GHz (family: 0x6, model: 0x46, stepping: 0x1)
[   17.524348] Performance Events: unsupported p6 CPU model 70 no PMU driver, software events only.
[   17.766888] KVM setup paravirtual spinlock
[   17.872880] x86: Booting SMP configuration:
[   17.955005] .... node  #0, CPUs:      #1
[   17.998349] kvm-clock: cpu 1, msr 0:3ffe3041, secondary cpu clock
[   18.006134] mce: CPU supports 0 MCE banks
[   18.010692] x86: Booted up 1 node, 2 CPUs
[   18.109135] smpboot: Total of 2 processors activated (9178.75 BogoMIPS)
[   18.294373] devtmpfs: initialized
[   18.387218] evm: security.selinux
[   18.474826] evm: security.SMACK64
[   18.573406] evm: security.SMACK64EXEC
[   18.658970] evm: security.SMACK64TRANSMUTE
[   18.771523] evm: security.SMACK64MMAP
[   18.863507] evm: security.ima
[   18.945306] evm: security.capability
[   19.036418] clocksource: jiffies: mask: 0xffffffff max_cycles: 0xffffffff, max_idle_ns: 7645041785100000 ns
[   19.118161] futex hash table entries: 512 (order: 3, 32768 bytes)
[   19.306253] pinctrl core: initialized pinctrl subsystem
[   19.447110] RTC time: 18:13:50, date: 10/02/17
[   19.550482] NET: Registered protocol family 16
[   19.666983] cpuidle: using governor ladder
[   19.782842] cpuidle: using governor menu
[   19.883608] PCCT header not found.
[   19.974356] ACPI: bus type PCI registered
[   20.071615] acpiphp: ACPI Hot Plug PCI Controller Driver version: 0.5
[   20.192922] PCI: Using configuration type 1 for base access
[   20.303980] ACPI: Added _OSI(Module Device)
[   20.418360] ACPI: Added _OSI(Processor Device)
[   20.517681] ACPI: Added _OSI(3.0 _SCP Extensions)
[   20.643052] ACPI: Added _OSI(Processor Aggregator Device)
[   20.790359] ACPI: Executed 1 blocks of module-level executable AML code
[   20.954312] ACPI: Interpreter enabled
[   21.048981] ACPI: (supports S0 S5)
[   21.146802] ACPI: Using IOAPIC for interrupt routing
[   21.259097] PCI: Using host bridge windows from ACPI; if necessary, use "pci=nocrs" and report a bug
[   21.450905] ACPI: PCI Root Bridge [PCI0] (domain 0000 [bus 00-ff])
[   21.598897] acpi PNP0A03:00: _OSC: OS supports [ASPM ClockPM Segments MSI]
[   21.783302] acpi PNP0A03:00: _OSC failed (AE_NOT_FOUND); disabling ASPM
[   21.956484] acpi PNP0A03:00: fail to add MMCONFIG information, can't access extended PCI configuration space under this bridge.
[   22.268237] PCI host bridge to bus 0000:00
[   22.349562] pci_bus 0000:00: root bus resource [io  0x0000-0x0cf7 window]
[   22.403875] pci_bus 0000:00: root bus resource [io  0x0d00-0xffff window]
[   22.405981] pci_bus 0000:00: root bus resource [mem 0x000a0000-0x000bffff window]
[   22.467671] pci_bus 0000:00: root bus resource [mem 0x40000000-0xffdfffff window]
[   22.647233] pci_bus 0000:00: root bus resource [bus 00-ff]
[   22.649566] pci 0000:00:01.1: legacy IDE quirk: reg 0x10: [io  0x01f0-0x01f7]
[   22.650619] pci 0000:00:01.1: legacy IDE quirk: reg 0x14: [io  0x03f6]
[   22.651640] pci 0000:00:01.1: legacy IDE quirk: reg 0x18: [io  0x0170-0x0177]
[   22.652659] pci 0000:00:01.1: legacy IDE quirk: reg 0x1c: [io  0x0376]
[   22.664544] pci 0000:00:07.0: quirk: [io  0x4000-0x403f] claimed by PIIX4 ACPI
[   22.853095] pci 0000:00:07.0: quirk: [io  0x4100-0x410f] claimed by PIIX4 SMB
[   23.057551] ACPI: PCI Interrupt Link [LNKA] (IRQs 5 9 10 *11)
[   23.195175] ACPI: PCI Interrupt Link [LNKB] (IRQs 5 9 10 *11)
[   23.343026] ACPI: PCI Interrupt Link [LNKC] (IRQs 5 9 *10 11)
[   23.464159] ACPI: PCI Interrupt Link [LNKD] (IRQs 5 *9 10 11)
[   23.505482] ACPI: Enabled 2 GPEs in block 00 to 07
[   23.615140] vgaarb: setting as boot device: PCI:0000:00:02.0
[   23.774630] vgaarb: device added: PCI:0000:00:02.0,decodes=io+mem,owns=io+mem,locks=none
[   23.960678] vgaarb: loaded
[   24.035996] vgaarb: bridge control possible 0000:00:02.0
[   24.184035] SCSI subsystem initialized
[   24.286071] ACPI: bus type USB registered
[   24.391397] usbcore: registered new interface driver usbfs
[   24.542066] usbcore: registered new interface driver hub
[   24.603490] usbcore: registered new device driver usb
[   24.728722] PCI: Using ACPI for IRQ routing
[   24.838492] NetLabel: Initializing
[   24.923247] NetLabel:  domain hash size = 128
[   25.044426] NetLabel:  protocols = UNLABELED CIPSOv4
[   25.179281] NetLabel:  unlabeled traffic allowed by default
[   25.324672] amd_nb: Cannot enumerate AMD northbridges
[   25.438331] clocksource: Switched to clocksource kvm-clock
[   25.605870] AppArmor: AppArmor Filesystem Enabled
[   25.703216] pnp: PnP ACPI init
[   25.714980] pnp: PnP ACPI: found 3 devices
[   25.828017] clocksource: acpi_pm: mask: 0xffffff max_cycles: 0xffffff, max_idle_ns: 2085701024 ns
[   26.092706] NET: Registered protocol family 2
[   26.226104] TCP established hash table entries: 8192 (order: 4, 65536 bytes)
[   26.429359] TCP bind hash table entries: 8192 (order: 5, 131072 bytes)
[   26.624889] TCP: Hash tables configured (established 8192 bind 8192)
[   26.796008] UDP hash table entries: 512 (order: 2, 16384 bytes)
[   26.947017] UDP-Lite hash table entries: 512 (order: 2, 16384 bytes)
[   27.140107] NET: Registered protocol family 1
[   27.271740] pci 0000:00:00.0: Limiting direct PCI/PCI transfers
[   27.446948] pci 0000:00:01.0: Activating ISA DMA hang workarounds
[   27.595176] Unpacking initramfs...
[   29.192230] Freeing initrd memory: 10852K
[   29.306179] platform rtc_cmos: registered platform RTC device (no PNP device found)
[   29.534969] Scanning for low memory corruption every 60 seconds
[   29.692085] audit: initializing netlink subsys (disabled)
[   29.837198] audit: type=2000 audit(1506968020.762:1): initialized
[   29.983395] Initialise system trusted keyring
[   30.068198] HugeTLB registered 2 MB page size, pre-allocated 0 pages
[   30.121462] zbud: loaded
[   30.185749] VFS: Disk quotas dquot_6.6.0
[   30.296724] VFS: Dquot-cache hash table entries: 512 (order 0, 4096 bytes)
[   30.474253] tsc: Refined TSC clocksource calibration: 2294.219 MHz
[   30.642373] clocksource: tsc: mask: 0xffffffffffffffff max_cycles: 0x2111e02a9ce, max_idle_ns: 440795253379 ns
[   30.642679] squashfs: version 4.0 (2009/01/31) Phillip Lougher
[   30.642877] fuse init (API version 7.23)
[   30.642971] Key type big_key registered
[   30.642989] Allocating IMA MOK and blacklist keyrings.
[   30.643153] Key type asymmetric registered
[   30.643158] Asymmetric key parser 'x509' registered
[   30.643186] Block layer SCSI generic (bsg) driver version 0.4 loaded (major 249)
[   30.643209] io scheduler noop registered
[   30.643211] io scheduler deadline registered (default)
[   30.643232] io scheduler cfq registered
[   30.643311] pci_hotplug: PCI Hot Plug PCI Core version: 0.5
[   30.643315] pciehp: PCI Express Hot Plug Controller Driver version: 0.4
[   30.643652] ACPI: AC Adapter [AC] (on-line)
[   30.643696] input: Power Button as /devices/LNXSYSTM:00/LNXPWRBN:00/input/input0
[   30.643699] ACPI: Power Button [PWRF]
[   30.643756] input: Sleep Button as /devices/LNXSYSTM:00/LNXSLPBN:00/input/input1
[   30.643757] ACPI: Sleep Button [SLPF]
[   30.643873] GHES: HEST is not enabled!
[   30.644780] ACPI: Battery Slot [BAT0] (battery present)
[   30.644818] Serial: 8250/16550 driver, 32 ports, IRQ sharing enabled
[   30.939440] 00:02: ttyS0 at I/O 0x3f8 (irq = 4, base_baud = 115200) is a 16550A
[   31.071452] Linux agpgart interface v0.103
[   31.207178] loop: module loaded
[   31.207730] scsi host0: ata_piix
[   31.207838] scsi host1: ata_piix
[   31.207870] ata1: PATA max UDMA/33 cmd 0x1f0 ctl 0x3f6 bmdma 0xd000 irq 14
[   31.207870] ata2: PATA max UDMA/33 cmd 0x170 ctl 0x376 bmdma 0xd008 irq 15
[   31.207952] libphy: Fixed MDIO Bus: probed
[   31.207954] tun: Universal TUN/TAP device driver, 1.6
[   31.207955] tun: (C) 1999-2004 Max Krasnyansky <maxk@qualcomm.com>
[   31.208251] PPP generic driver version 2.4.2
[   31.208303] ehci_hcd: USB 2.0 'Enhanced' Host Controller (EHCI) Driver
[   31.208307] ehci-pci: EHCI PCI platform driver
[   31.208340] ehci-platform: EHCI generic platform driver
[   31.208348] ohci_hcd: USB 1.1 'Open' Host Controller (OHCI) Driver
[   31.208353] ohci-pci: OHCI PCI platform driver
[   31.208363] ohci-platform: OHCI generic platform driver
[   31.208374] uhci_hcd: USB Universal Host Controller Interface driver
[   31.208469] i8042: PNP: PS/2 Controller [PNP0303:PS2K,PNP0f03:PS2M] at 0x60,0x64 irq 1,12
[   31.286866] serio: i8042 KBD port at 0x60,0x64 irq 1
[   31.286872] serio: i8042 AUX port at 0x60,0x64 irq 12
[   31.286996] mousedev: PS/2 mouse device common for all mice
[   31.287257] rtc_cmos rtc_cmos: rtc core: registered rtc_cmos as rtc0
[   31.287302] rtc_cmos rtc_cmos: alarms up to one day, 114 bytes nvram
[   31.287307] i2c /dev entries driver
[   31.287358] device-mapper: uevent: version 1.0.3
[   31.287401] device-mapper: ioctl: 4.34.0-ioctl (2015-10-28) initialised: dm-devel@redhat.com
[   31.287417] ledtrig-cpu: registered to indicate activity on CPUs
[   31.287643] NET: Registered protocol family 10
[   31.287795] NET: Registered protocol family 17
[   31.287805] Key type dns_resolver registered
[   31.400059] microcode: CPU0 sig=0x40661, pf=0x40, revision=0x0
[   31.400138] microcode: CPU1 sig=0x40661, pf=0x40, revision=0x0
[   31.400208] microcode: Microcode Update Driver: v2.01 <tigran@aivazian.fsnet.co.uk>, Peter Oruba
[   31.400331] registered taskstats version 1
[   31.400346] Loading compiled-in X.509 certificates
[   31.400948] Loaded X.509 cert 'Build time autogenerated kernel key: b1a6ea8776bed2812c00d8a799f968274ef48628'
[   31.400966] zswap: loaded using pool lzo/zbud
[   31.402314] Key type trusted registered
[   31.404449] Key type encrypted registered
[   31.404455] AppArmor: AppArmor sha1 policy hashing enabled
[   31.404457] ima: No TPM chip found, activating TPM-bypass!
[   31.404478] evm: HMAC attrs: 0x1
[   31.404757]   Magic number: 5:252:240
[   31.534817] rtc_cmos rtc_cmos: setting system clock to 2017-10-02 18:14:02 UTC (1506968042)
[   31.534968] BIOS EDD facility v0.16 2004-Jun-25, 0 devices found
[   31.534968] EDD information not available.
[   31.936758] input: AT Translated Set 2 keyboard as /devices/platform/i8042/serio0/input/input2
[   38.623269] Freeing unused kernel memory: 1492K
[   38.764601] Write protecting the kernel read-only data: 14336k
[   38.931770] Freeing unused kernel memory: 1748K
[   38.959922] Freeing unused kernel memory: 112K
Loading, please wait...
starting version[   38.986999] random: systemd-udevd: uninitialized urandom read (16 bytes read, 4 bits of entropy available)
 229
[   38.987539] random: udevadm: uninitialized urandom read (16 bytes read, 4 bits of entropy available)
[   38.987569] random: udevadm: uninitialized urandom read (16 bytes read, 4 bits of entropy available)
[   38.987668] random: udevadm: uninitialized urandom read (16 bytes read, 4 bits of entropy available)
[   38.987713] random: udevadm: uninitialized urandom read (16 bytes read, 4 bits of entropy available)
[   38.987752] random: udevadm: uninitialized urandom read (16 bytes read, 4 bits of entropy available)
[   38.987800] random: udevadm: uninitialized urandom read (16 bytes read, 4 bits of entropy available)
[   38.987868] random: udevadm: uninitialized urandom read (16 bytes read, 4 bits of entropy available)
[   38.987933] random: udevadm: uninitialized urandom read (16 bytes read, 4 bits of entropy available)
[   38.987969] random: udevadm: uninitialized urandom read (16 bytes read, 4 bits of entropy available)
[   42.027225] e1000: Intel(R) PRO/1000 Network Driver - version 7.3.21-k8-NAPI
[   42.205549] e1000: Copyright (c) 1999-2006 Intel Corporation.
[   42.256219] Fusion MPT base driver 3.04.20
[   42.335802] Copyright (c) 1999-2008 LSI Corporation
[   42.544555] Fusion MPT SPI Host driver 3.04.20
[   42.680634] AVX version of gcm_enc/dec engaged.
[   42.775500] AES CTR mode by8 optimization enabled
[   42.874255] e1000 0000:00:03.0 eth0: (PCI:33MHz:32-bit) 02:d1:58:fa:01:98
[   42.940299] e1000 0000:00:03.0 eth0: Intel(R) PRO/1000 Network Connection
[   42.943933] input: ImExPS/2 Generic Explorer Mouse as /devices/platform/i8042/serio1/input/input4
[   43.711546] e1000 0000:00:08.0 eth1: (PCI:33MHz:32-bit) 08:00:27:58:80:ad
[   44.020251] e1000 0000:00:08.0 eth1: Intel(R) PRO/1000 Network Connection
[   44.355395] e1000 0000:00:08.0 enp0s8: renamed from eth1
[   44.427732] mptbase: ioc0: Initiating bringup
[   44.486729] e1000 0000:00:03.0 enp0s3: renamed from eth0
[   44.786782] ioc0: LSI53C1030 A0: Capabilities={Initiator}
[   45.123585] scsi host2: ioc0: LSI53C1030 A0, FwRev=00000000h, Ports=1, MaxQ=256, IRQ=20
[   45.346139] floppy0: no floppy controllers found
[   45.471827] scsi 2:0:0:0: Direct-Access     VBOX     HARDDISK         1.0  PQ: 0 ANSI: 5
[   45.471832] scsi target2:0:0: Beginning Domain Validation
[   45.473138] scsi target2:0:0: Domain Validation skipping write tests
[   45.473139] scsi target2:0:0: Ending Domain Validation
[   45.473169] scsi target2:0:0: asynchronous
[   45.473387] scsi 2:0:1:0: Direct-Access     VBOX     HARDDISK         1.0  PQ: 0 ANSI: 5
[   45.473390] scsi target2:0:1: Beginning Domain Validation
[   45.473964] scsi target2:0:1: Domain Validation skipping write tests
[   45.473965] scsi target2:0:1: Ending Domain Validation
[   45.473994] scsi target2:0:1: asynchronous
[   45.539923] sd 2:0:0:0: Attached scsi generic sg0 type 0
[   45.540222] sd 2:0:0:0: [sda] 20971520 512-byte logical blocks: (10.7 GB/10.0 GiB)
[   45.540561] sd 2:0:1:0: Attached scsi generic sg1 type 0
[   45.540778] sd 2:0:0:0: [sda] Write Protect is off
[   45.540891] sd 2:0:1:0: [sdb] 20480 512-byte logical blocks: (10.5 MB/10.0 MiB)
[   45.540958] sd 2:0:0:0: [sda] Incomplete mode parameter data
[   45.540959] sd 2:0:0:0: [sda] Assuming drive cache: write through
[   45.541060] sd 2:0:1:0: [sdb] Write Protect is off
[   45.541262] sd 2:0:1:0: [sdb] Incomplete mode parameter data
[   45.541263] sd 2:0:1:0: [sdb] Assuming drive cache: write through
[   45.542958]  sda: sda1
[   45.543850] sd 2:0:0:0: [sda] Attached SCSI disk
[   45.544124] sd 2:0:1:0: [sdb] Attached SCSI disk
Begin: Loading e[   50.665001] md: linear personality registered for level -1
ssential drivers[   50.831462] md: multipath personality registered for level -4
 ... [   50.963458] md: raid0 personality registered for level 0
[   51.073139] md: raid1 personality registered for level 1
[   51.214913] raid6: sse2x1   gen() 10621 MB/s
[   51.398430] raid6: sse2x1   xor()  8163 MB/s
[   51.590344] raid6: sse2x2   gen() 13443 MB/s
[   51.790346] raid6: sse2x2   xor()  8953 MB/s
[   51.970612] raid6: sse2x4   gen() 14665 MB/s
[   52.106899] raid6: sse2x4   xor() 10213 MB/s
[   52.159948] raid6: using algorithm sse2x4 gen() 14665 MB/s
[   52.210897] raid6: .... xor() 10213 MB/s, rmw enabled
[   52.342145] raid6: using ssse3x2 recovery algorithm
[   52.458957] xor: automatically using best checksumming function:
[   52.762507]    avx       : 38283.000 MB/sec
[   52.952653] async_tx: api initialized (async)
[   53.042758] md: raid6 personality registered for level 6
[   53.166571] md: raid5 personality registered for level 5
[   53.247873] md: raid4 personality registered for level 4
[   53.292007] md: raid10 personality registered for level 10
done.
Begin: Running /scripts/init-premount ... done.
Begin: Mounting root file system ... Begin: Running /scripts/local-top ... done.
Begin: Running[   53.336505] Btrfs loaded
 /scripts/local-premount ... Scanning for Btrfs filesystems
done.
Warning: fsck not present, so skipping root file[   53.423191] EXT4-fs (sda1): mounted filesystem with ordered data mode. Opts: (null)
 system
done.
Begin: Running /scripts/local-bottom ... done.
Begin: Running /scripts/init-bottom ... done.
[   53.528993] systemd[1]: systemd 229 running in system mode. (+PAM +AUDIT +SELINUX +IMA +APPARMOR +SMACK +SYSVINIT +UTMP +LIBCRYPTSETUP +GCRYPT +GNUTLS +ACL +XZ -LZ4 +SECCOMP +BLKID +ELFUTILS +KMOD -IDN)
[   53.990131] systemd[1]: Detected virtualization oracle.
[   54.003577] systemd[1]: Detected architecture x86-64.

Welcome to [1mUbuntu 16.04.3 LTS[0m!

[   54.103597] systemd[1]: Set hostname to <ubuntu-xenial>.
[   54.345576] systemd[1]: Listening on Journal Socket.
[[0;32m  OK  [0m] Listening on Journal Socket.
[   54.410966] systemd[1]: Listening on Journal Audit Socket.
[[0;32m  OK  [0m] Listening on Journal Audit Socket.
[   54.459073] systemd[1]: Created slice System Slice.
[[0;32m  OK  [0m] Created slice System Slice.
[   54.595002] systemd[1]: Starting Nameserver information manager...
         Starting Nameserver information manager...
[   54.730942] systemd[1]: Starting Load Kernel Modules...
         Starting Load Ke[   54.850520] Loading iSCSI transport class v2.0-870.
rnel Modules...[   55.010216] iscsi: registered transport (tcp)

[   55.144646] systemd[1]: Created slice system-serial\x2dgetty.slice.
[   55.300835] random: nonblocking pool is initialized
[[0;32m  OK  [0m] Created slice[   55.414069] iscsi: registered transport (iser)
 system-serial\x2dgetty.slice.
[   55.498673] systemd[1]: Listening on Syslog Socket.
[[0;32m  OK  [0m] Listening on Syslog Socket.
[   55.651057] systemd[1]: Listening on udev Control Socket.
[[0;32m  OK  [0m] Listening on udev Control Socket.
[   55.862711] systemd[1]: Starting Set console keymap...
         Starting Set console keymap...
[   55.982538] systemd[1]: Listening on udev Kernel Socket.
[[0;32m  OK  [0m] Listening on udev Kernel Socket.
[   56.026788] systemd[1]: Listening on LVM2 metadata daemon socket.
[[0;32m  OK  [0m] Listening on LVM2 metadata daemon socket.
[   56.198798] systemd[1]: Reached target Encrypted Volumes.
[[0;32m  OK  [0m] Reached target Encrypted Volumes.
[   56.371203] systemd[1]: Set up automount Arbitrary Executable File Formats File System Automount Point.
[[0;32m  OK  [0m] Set up automount Arbitrary Executab...ats File System Automount Point.
[   56.652340] systemd[1]: Listening on /dev/initctl Compatibility Named Pipe.
[[0;32m  OK  [0m] Listening on /dev/initctl Compatibility Named Pipe.
[   56.854769] systemd[1]: Listening on Device-mapper event daemon FIFOs.
[[0;32m  OK  [0m] Listening on Device-mapper event daemon FIFOs.
[   57.070564] systemd[1]: Starting Monitoring of LVM2 mirrors, snapshots etc. using dmeventd or progress polling...
         Starting Monitoring of LVM2 mirrors... dmeventd or progress polling...
[   57.327130] systemd[1]: Listening on LVM2 poll daemon socket.
[[0;32m  OK  [0m] Listening on LVM2 poll daemon socket.
[   57.522950] systemd[1]: Starting Uncomplicated firewall...
         Starting Uncomplicated firewall...
[   57.690642] systemd[1]: Started Trigger resolvconf update for networkd DNS.
[[0;32m  OK  [0m] Started Trigger resolvconf update for networkd DNS.
[   57.846839] systemd[1]: Listening on Journal Socket (/dev/log).
[[0;32m  OK  [0m] Listening on Journal Socket (/dev/log).
[   58.002619] systemd[1]: Reached target Swap.
[[0;32m  OK  [0m] Reached target Swap.
[   58.134745] systemd[1]: Mounting Huge Pages File System...
         Mounting Huge Pages File System...
[   58.322701] systemd[1]: Starting Remount Root and Kernel File Systems...
         [   58.477231] EXT4-fs (sda1): re-mounted. Opts: (null)
Starting Remount Root and Kernel File Systems...
[   58.639279] systemd[1]: Created slice User and Session Slice.
[[0;32m  OK  [0m] Created slice User and Session Slice.
[   58.798687] systemd[1]: Reached target Slices.
[[0;32m  OK  [0m] Reached target Slices.
[   58.967210] systemd[1]: Starting Journal Service...
         Starting Journal Service...
[   59.123316] systemd[1]: Starting Create list of required static device nodes for the current kernel...
         Starting Create list of required st... nodes for the current kernel...
[   59.418837] systemd[1]: Mounting POSIX Message Queue File System...
         Mounting POSIX Message Queue File System...
[   59.591361] systemd[1]: Started Forward Password Requests to Wall Directory Watch.
[[0;32m  OK  [0m] Started Forward Password Requests to Wall Directory Watch.
[   59.858823] systemd[1]: Mounting Debug File System...
         Mounting Debug File System...
[   59.947099] systemd[1]: Reached target User and Group Name Lookups.
[[0;32m  OK  [0m] Reached target User and Group Name Lookups.
[   60.183284] systemd[1]: Mounted Huge Pages File System.
[[0;32m  OK  [0m] Mounted Huge Pages File System.
[   60.350774] systemd[1]: Mounted POSIX Message Queue File System.
[[0;32m  OK  [0m] Mounted POSIX Message Queue File System.
[   60.558999] systemd[1]: Mounted Debug File System.
[[0;32m  OK  [0m] Mounted Debug File System.
[   60.711271] systemd[1]: Started Journal Service.
[[0;32m  OK  [0m] Started Journal Service.
[[0;32m  OK  [0m] Started Load Kernel Modules.
[[0;32m  OK  [0m] Started Set console keymap.
[[0;32m  OK  [0m] Started Uncomplicated firewall.
[[0;32m  OK  [0m] Started Remount Root and Kernel File Systems.
[[0;32m  OK  [0m] Started Create list of required sta...ce nodes for the current kernel.
[[0;32m  OK  [0m] Started Nameserver information manager.
[[0;32m  OK  [0m] Started LVM2 metadata daemon.
         Starting Create Static Device Nodes in /dev...
         Starting udev Coldplug all Devices...
         Starting Initial cloud-init job (pre-networking)...
         Starting Load/Save Random Seed...
         Mounting FUSE Control File System...
         Starting Apply Kernel Variables...
         Starting Flush Journal to Persistent Storage...
[[0;32m  OK  [0m] Mounted FUSE Control File System.
[[0;32m  OK  [0m] Started Monitoring of LVM2 mirrors,...ng dmeventd or progress polling.
[[0;32m  OK  [0m] Started Create Static Device Nodes in /dev.
[[0;32m  OK  [0m] Started Load/Save Random Seed.
[[0;32m  OK  [0m] Started Apply Kernel Variables.
[[0;32m  OK  [0m] Started udev Coldplug all Devices.
[[0;32m  OK  [0m] Started Flush Journal to Persistent Storage.
         Starting udev Kernel Device Manager...
[[0;32m  OK  [0m] Started udev Kernel Device Manager.
[[0;32m  OK  [0m] Started Dispatch Password Requests to Console Directory Watch.
[[0;32m  OK  [0m] Reached target Local File Systems (Pre).
[[0;32m  OK  [0m] Reached target Local File Systems.
         Starting Create Volatile Files and Directories...
         Starting Set console font and keymap...
         Starting LSB: AppArmor initialization...
         Starting Tell Plymouth To Write Out Runtime Data...
[   37.307432] cloud-init[451]: Cloud-init v. 0.7.9 running 'init-local' at Mon, 02 Oct 2017 18:14:32 +0000. Up 36.97 seconds.
[[0;32m  OK  [0m] Started Create Volatile Files and Directories.
[[0;32m  OK  [0m] Started Set console font and keymap.
[[0;32m  OK  [0m] Started Tell Plymouth To Write Out Runtime Data.
[[0;32m  OK  [0m] Started Initial cloud-init job (pre-networking).
[[0;32m  OK  [0m] Found device /dev/ttyS0.
[[0;32m  OK  [0m] Listening on Load/Save RF Kill Switch Status /dev/rfkill Watch.
[[0;32m  OK  [0m] Reached target Network (Pre).
[[0;32m  OK  [0m] Created slice system-getty.slice.
[[0;32m  OK  [0m] Reached target System Time Synchronized.
         Starting Update UTMP about System Boot/Shutdown...
[[0;32m  OK  [0m] Started LSB: AppArmor initialization.
[[0;32m  OK  [0m] Started ifup for enp0s8.
         Starting Raise network interfaces...
[[0;32m  OK  [0m] Started ifup for enp0s3.
[[0;32m  OK  [0m] Started Update UTMP about System Boot/Shutdown.
[[0;32m  OK  [0m] Started Raise network interfaces.
         Starting Initial cloud-init job (metadata service crawler)...
[[0;32m  OK  [0m] Reached target Network.
[   40.757009] cloud-init[1051]: Cloud-init v. 0.7.9 running 'init' at Mon, 02 Oct 2017 18:14:36 +0000. Up 40.44 seconds.
[   40.828484] [cloud-init[0;32m  OK  [0m[1051]: ] ci-info: ++++++++++++++++++++++++++++++++++++++Net device info++++++++++++++++++++++++++++++++++++++Started Initial cloud-init job (metadata service crawler).

[   40.828925] cloud-init[1051]: ci-info: +--------+------+-----------------------------+---------------+-------+-------------------+
[   40.984290] [cloud-init[0;32m  OK  [0m[1051]: ] ci-info: | Device |  Up  |           Address           |      Mask     | Scope |     Hw-Address    |Reached target Network is Online.

[   40.984823] cloud-init[1051]: ci-info: +--------+------+-----------------------------+---------------+-------+-------------------+
[   41.124773]          Starting iSCSI initiator daemon (iscsid)...
[[0;32m  OK  [0m] Reached target Cloud-config availability.
[[0;32m  OK  [0m] Reached target System Initialization.
         Starting Socket activation for snappy daemon.
cloud-init[1051]: ci-info: | enp0s8 | True |         192.168.50.4        | 255.255.255.0 |   .   | 08:00:27:58:80:ad |
[   41.292300]          cloud-initStarting LXD - unix socket.[1051]: 
ci-info: | enp0s8 | True | fe80::a00:27ff:fe58:80ad/64 |       .       |  link | 08:00:27:58:80:ad |
[   41.388333] [cloud-init[0;32m  OK  [0m[1051]: ] ci-info: | enp0s3 | True |          10.0.2.15          | 255.255.255.0 |   .   | 02:d1:58:fa:01:98 |Listening on UUID daemon activation socket.

[   41.504646] [cloud-init[0;32m  OK  [0m[1051]: ] ci-info: | enp0s3 | True |  fe80::d1:58ff:fefa:198/64  |       .       |  link | 02:d1:58:fa:01:98 |Started ACPI Events Check.

[[0;32m  OK  [0m] Reached target Paths.
[[0;32m  OK  [0m] Listening on ACPID Listen Socket.
[   41.505185] cloud-init[1051]: ci-info: |   lo   | True |          127.0.0.1          |   255.0.0.0   |   .   |         .         |
[   41.756306] [cloud-init[0;32m  OK  [0m[1051]: ] ci-info: |   lo   | True |           ::1/128           |       .       |  host |         .         |Started Timer to automatically refresh installed snaps.

[[0;32m  OK  [0m] Started Timer to automatically fetch and run repair assertions.
[[0;32m  OK  [0m] Started Daily Cleanup of Temporary Directories.
[   41.756731] cloud-init[1051]: ci-info: +--------+------+-----------------------------+---------------+-------+-------------------+
[   41.949672] [cloud-init[0;32m  OK  [0m[1051]: ] ci-info: ++++++++++++++++++++++++++++Route IPv4 info++++++++++++++++++++++++++++Started Daily apt download activities.

[[0;32m  OK  [0m] Listening on D-Bus System Message Bus Socket.
[[0;32m  OK  [0m] Started Daily apt upgrade and clean activities.
[   41.950112] cloud-init[1051]: ci-info: +-------+--------------+----------+---------------+-----------+-------+
[   42.078273] [cloud-init[0;32m  OK  [0m[1051]: ] ci-info: | Route | Destination  | Gateway  |    Genmask    | Interface | Flags |Reached target Timers.

[   42.096420] [cloud-init[0;32m  OK  [0m[1051]: ] ci-info: +-------+--------------+----------+---------------+-----------+-------+Listening on Socket activation for snappy daemon.

[[0;32m  OK  [0m] Listening on LXD - unix socket.
[   42.096818] cloud-init[1051]: ci-info: |   0   |   0.0.0.0    | 10.0.2.2 |    0.0.0.0    |   enp0s3  |   UG  |
[   42.308495] [cloud-init[0;32m  OK  [0m[1051]: ] ci-info: |   1   |   10.0.2.0   | 0.0.0.0  | 255.255.255.0 |   enp0s3  |   U   |Started iSCSI initiator daemon (iscsid).

[   42.308907] cloud-init[1051]: ci-info: |   2   | 192.168.50.0 | 0.0.0.0  | 255.255.255.0 |   enp0s8  |   U   |
         Starting Login to default iSCSI targets...
[   42.480311] cloud-init[1051]: ci-info: +-------+--------------+----------+---------------+-----------+-------+
[[0;32m  OK  [0m] Reached target Sockets.
[[0;32m  OK  [0m] Reached target Basic System.
         Starting LXD - container startup/shutdown...
[[0;32m  OK  [0m] Started Unattended Upgrades Shutdown.
         Starting vboxadd.service...
         Starting Login Service...
         Starting Accounts Service...
         Starting vboxadd-x11.service...
         Starting LSB: Record successful boot for GRUB...
         Starting System Logging Service...
[[0;32m  OK  [0m] Started Deferred execution scheduler.
[[0;32m  OK  [0m] Started FUSE filesystem for LXC.
         Starting /etc/rc.local Compatibility...
[[0;32m  OK  [0m] Started ACPI event daemon.
         Starting Snappy daemon...
         Starting OpenBSD Secure Shell server...
[[0;32m  OK  [0m] Started Regular background program processing daemon.
[[0;32m  OK  [0m] Started D-Bus System Message Bus.
         Starting Apply the settings specified in cloud-config...
         Starting LSB: MD monitoring daemon...
[[0;32m  OK  [0m] Started System Logging Service.
[[0;32m  OK  [0m] Started OpenBSD Secure Shell server.
[[0;32m  OK  [0m] Started Snappy daemon.
[[0;32m  OK  [0m] Started LXD - container startup/shutdown.
[[0;32m  OK  [0m] Started vboxadd.service.
[[0;32m  OK  [0m] Started vboxadd-x11.service.
[[0;32m  OK  [0m] Started /etc/rc.local Compatibility.
[[0;32m  OK  [0m] Started Apply the settings specified in cloud-config.
[   43.655226] cloud-init[1234]: Cloud-init v. 0.7.9 running 'modules:config' at Mon, 02 Oct 2017 18:14:39 +0000. Up 43.55 seconds.
[[0;32m  OK  [0m] Started Login to default iSCSI targets.
[[0;32m  OK  [0m] Started LSB: Record successful boot for GRUB.
[[0;32m  OK  [0m] Started LSB: MD monitoring daemon.
[[0;32m  OK  [0m] Started Login Service.
         Starting Authenticate and Authorize Users to Run Privileged Tasks...
[[0;32m  OK  [0m] Reached target Remote File Systems (Pre).
[[0;32m  OK  [0m] Reached target Remote File Systems.
         Starting LSB: automatic crash report generation...
         Starting Permit User Sessions...
         Starting LSB: Set the CPU Frequency Scaling governor to "ondemand"...
         Starting LSB: daemon to balance interrupts for SMP systems...
         Starting vboxadd-service.service...
         Starting Auto import assertions from block devices...
[[0;32m  OK  [0m] Started Permit User Sessions.
[[0;32m  OK  [0m] Started vboxadd-service.service.
[[0;32m  OK  [0m] Started Auto import assertions from block devices.
[[0;32m  OK  [0m] Started Authenticate and Authorize Users to Run Privileged Tasks.
[[0;32m  OK  [0m] Started Accounts Service.
[[0;32m  OK  [0m] Started LSB: Set the CPU Frequency Scaling governor to "ondemand".
[[0;32m  OK  [0m] Started LSB: automatic crash report generation.
[[0;32m  OK  [0m] Started LSB: daemon to balance interrupts for SMP systems.
[[0;32m  OK  [0m] Created slice User Slice of ubuntu.
[[0;32m  OK  [0m] Started Session 1 of user ubuntu.
         Starting User Manager for UID 1000...
         Starting Hold until boot process finishes up...
         Starting Terminate Plymouth Boot Screen...
[[0;32m  OK  [0m] Started User Manager for UID 1000.
[[0;32m  OK  [0m] Started Hold until boot process finishes up.
[[0;32m  OK  [0m] Started Terminate Plymouth Boot Screen.
         Starting Set console scheme...
[[0;32m  OK  [0m] Started Serial Getty on ttyS0.
[[0;32m  OK  [0m] Started Getty on tty1.
[[0;32m  OK  [0m] Reached target Login Prompts.
[[0;32m  OK  [0m] Reached target Multi-User System.
         Starting Execute cloud user/final scripts...
[[0;32m  OK  [0m] Reached target Graphical Interface.
         Starting Update UTMP about System Runlevel Changes...
[[0;32m  OK  [0m] Started Set console scheme.
[[0;32m  OK  [0m] Started Update UTMP about System Runlevel Changes.
[[0;32m  OK  [0m] Started Execute cloud user/final scripts.
[   45.693208] cloud-init[1364]: Cloud-init v. 0.7.9 running 'modules:final' at Mon, 02 Oct 2017 18:14:41 +0000. Up 45.58 seconds.
[[0;32m  OK  [0m] Reached target Cloud-init target.
[   45.905094] [1364]: Cloud-init v. 0.7.9 finished at Mon, 02 Oct 2017 18:14:41 +0000. Datasource DataSourceNoCloud [seed=/dev/sdb][dsmode=net].  Up 45.68 seconds

Ubuntu 16.04.3 LTS ubuntu-xenial ttyS0

ubuntu-xenial login: 